0 info it worked if it ends with ok
1 verbose cli [ 'd:\\nodejs\\node.exe',
1 verbose cli   'd:\\nodejs\\node_modules\\npm\\bin\\npm-cli.js',
1 verbose cli   'start' ]
2 info using npm@2.5.1
3 info using node@v0.12.0
4 verbose stack d:\nodejs\node_modules\npm\node_modules\glob\glob.js:103
4 verbose stack     o
4 verbose stack
4 verbose stack SyntaxError: Unexpected token ILLEGAL
4 verbose stack     at exports.runInThisContext (vm.js:73:16)
4 verbose stack     at Module._compile (module.js:443:25)
4 verbose stack     at Object.Module._extensions..js (module.js:478:10)
4 verbose stack     at Module.load (module.js:355:32)
4 verbose stack     at Function.Module._load (module.js:310:12)
4 verbose stack     at Module.require (module.js:365:17)
4 verbose stack     at require (module.js:384:17)
4 verbose stack     at Object.<anonymous> (d:\nodejs\node_modules\npm\node_modules\read-package-json\read-json.js:15:12)
4 verbose stack     at Module._compile (module.js:460:26)
4 verbose stack     at Object.Module._extensions..js (module.js:478:10)
5 verbose cwd e:\工作\drag\demo9-server2
6 error Windows_NT 6.3.9600
7 error argv "d:\\nodejs\\node.exe" "d:\\nodejs\\node_modules\\npm\\bin\\npm-cli.js" "start"
8 error node v0.12.0
9 error npm  v2.5.1
10 error d:\nodejs\node_modules\npm\node_modules\glob\glob.js:103
10 error     o
10 error
10 error Unexpected token ILLEGAL
11 error If you need help, you may report this error at:
11 error     <http://github.com/npm/npm/issues>
12 verbose exit [ 1, true ]
